android/build/outputs/logs/manifest-merger-debug-report.txt
-- Merging decision tree log ---
manifest
ADDED from SpaceInvaders\android\AndroidManifest.xml:2:1-27:12
	package
		ADDED from SpaceInvaders\android\AndroidManifest.xml:3:5-45
		INJECTED from SpaceInvaders\android\AndroidManifest.xml
		INJECTED from SpaceInvaders\android\AndroidManifest.xml
	android:versionName
		ADDED from SpaceInvaders\android\AndroidManifest.xml:5:5-30
		INJECTED from SpaceInvaders\android\AndroidManifest.xml
		INJECTED from SpaceInvaders\android\AndroidManifest.xml
	android:versionCode
		ADDED from SpaceInvaders\android\AndroidManifest.xml:4:5-28
		INJECTED from SpaceInvaders\android\AndroidManifest.xml
		INJECTED from SpaceInvaders\android\AndroidManifest.xml
	xmlns:android
		ADDED from SpaceInvaders\android\AndroidManifest.xml:2:11-69
uses-sdk
ADDED from SpaceInvaders\android\AndroidManifest.xml:7:5-73
	android:targetSdkVersion
		ADDED from SpaceInvaders\android\AndroidManifest.xml:7:41-70
		INJECTED from SpaceInvaders\android\AndroidManifest.xml
		INJECTED from SpaceInvaders\android\AndroidManifest.xml
	android:minSdkVersion
		ADDED from SpaceInvaders\android\AndroidManifest.xml:7:15-40
		INJECTED from SpaceInvaders\android\AndroidManifest.xml
		INJECTED from SpaceInvaders\android\AndroidManifest.xml
uses-permission#android.permission.VIBRATE
ADDED from SpaceInvaders\android\AndroidManifest.xml:8:5-66
	android:name
		ADDED from SpaceInvaders\android\AndroidManifest.xml:8:22-63
application
ADDED from SpaceInvaders\android\AndroidManifest.xml:10:5-25:19
	android:label
		ADDED from SpaceInvaders\android\AndroidManifest.xml:13:9-41
	android:allowBackup
		ADDED from SpaceInvaders\android\AndroidManifest.xml:11:9-35
	android:icon
		ADDED from SpaceInvaders\android\AndroidManifest.xml:12:9-46
	android:theme
		ADDED from SpaceInvaders\android\AndroidManifest.xml:14:9-40
activity#com.example.jose.spaceinvaders.AndroidLauncher
ADDED from SpaceInvaders\android\AndroidManifest.xml:15:9-24:20
	android:screenOrientation
		ADDED from SpaceInvaders\android\AndroidManifest.xml:18:13-49
	android:label
		ADDED from SpaceInvaders\android\AndroidManifest.xml:17:13-45
	android:configChanges
		ADDED from SpaceInvaders\android\AndroidManifest.xml:19:13-83
	android:name
		ADDED from SpaceInvaders\android\AndroidManifest.xml:16:13-74
intent-filter#android.intent.action.MAIN+android.intent.category.LAUNCHER
ADDED from SpaceInvaders\android\AndroidManifest.xml:20:13-23:29
action#android.intent.action.MAIN
ADDED from SpaceInvaders\android\AndroidManifest.xml:21:17-69
	android:name
		ADDED from SpaceInvaders\android\AndroidManifest.xml:21:25-66
category#android.intent.category.LAUNCHER
ADDED from SpaceInvaders\android\AndroidManifest.xml:22:17-77
	android:name
		ADDED from SpaceInvaders\android\AndroidManifest.xml:22:27-74